Grade for assignment [BohbotTom]: 10/10

very nice!

Pulled files on Wed Dec 25 09:16:23 EST 2019
Latest commit of student files ....
Latest commit of src/main/java/edu/yu/intro/Book.java was on: Tue Dec 24 16:05:36 2019
Latest commit of src/main/java/edu/yu/intro/AuthorsAndBooks.java was on: Tue Dec 24 16:05:36 2019
building Student BohbotTom assignment code base from directory /Users/avraham/YUGitRepos/1300/BohbotTom/IntroToCompSci/assignments/AuthorsAndBooks
Picked up JAVA_TOOL_OPTIONS: -Xms4096m -Xmx15G -XX:MaxMetaspaceSize=1G
executing Student BohbotTom main()
Picked up JAVA_TOOL_OPTIONS: -Xms4096m -Xmx15G -XX:MaxMetaspaceSize=1G
*************************************************
AuthorsAndBooks main - Number of distinct books: 250012
AuthorsAndBooks main - Number of distinct authors: 94572
AuthorsAndBooks main - Number of distinct publishers: 15563
AuthorsAndBooks main - Author with the most books: Agatha Christie
AuthorsAndBooks main - Publisher with the most books: Harlequin
*************************************************
Copying Professor's JUnit source files in /Users/avraham/teaching/IntroToCompSci/assignments/AuthorsAndBooks/src/test to Student BohbotTom directory tree in /Users/avraham/YUGitRepos/1300/BohbotTom/IntroToCompSci/assignments/AuthorsAndBooks/src
executing Professor's test code against Student BohbotTom code
Picked up JAVA_TOOL_OPTIONS: -Xms4096m -Xmx15G -XX:MaxMetaspaceSize=1G

-------------------------------------------------------
 T E S T S
-------------------------------------------------------
Picked up JAVA_TOOL_OPTIONS: -Xms4096m -Xmx15G -XX:MaxMetaspaceSize=1G
Test cases to execute : 3
Running edu.yu.intro.test.AuthorsAndBooksTest
Execution Started : allTitlesMethodTestEmptySet
Execution Finished : allTitlesMethodTestEmptySet
Execution Started : parseLineMethod
Execution Finished : parseLineMethod
Execution Started : booksByAuthorMethodTest
Execution Finished : booksByAuthorMethodTest
Execution Started : allTitlesMethodTestEmptyAuthor
Execution Finished : allTitlesMethodTestEmptyAuthor
Execution Started : PublisherWithMostUniqueAuthorsMethod
Execution Finished : PublisherWithMostUniqueAuthorsMethod
Execution Started : addMethodDuplicateError
Execution Finished : addMethodDuplicateError
Execution Started : countNumberOfBooks
Execution Finished : countNumberOfBooks
Execution Started : allTitlesMethodTest
Execution Finished : allTitlesMethodTest
Execution Started : addMethod
Execution Finished : addMethod
Execution Started : allTitlesMethodTestNullAuthor
Execution Finished : allTitlesMethodTestNullAuthor
Execution Started : booksByAuthorMethodEmptySet
Execution Finished : booksByAuthorMethodEmptySet
Execution Started : allPublishersMethodTestEmptyAuthor
Execution Finished : allPublishersMethodTestEmptyAuthor
Execution Started : AuthorscMethodTestNullAuthor
Execution Finished : AuthorscMethodTestNullAuthor
Execution Started : addMethodNullError
Execution Finished : addMethodNullError
Execution Started : PublisherWithMostUniqueAuthorsMethodNullTest
Execution Finished : PublisherWithMostUniqueAuthorsMethodNullTest
Execution Started : AuthorscMethodTestEmptyAuthor
Execution Finished : AuthorscMethodTestEmptyAuthor
Execution Started : allPublishersMethodTestNullAuthor
Execution Finished : allPublishersMethodTestNullAuthor
Execution Started : booksByPublisherMethodEmptySet
Execution Finished : booksByPublisherMethodEmptySet
Execution Started : booksByPublisherMethodTest
Execution Finished : booksByPublisherMethodTest
Tests run: 19, Failures: 0, Errors: 0, Skipped: 0, Time elapsed: 0.034 sec - in edu.yu.intro.test.AuthorsAndBooksTest
Running edu.yu.intro.test.TestAuthorsAndBooksProfessor
Execution Started : booksByUnknownAuthor
Execution Finished : booksByUnknownAuthor
Execution Started : booksByKnownAuthor
Execution Finished : booksByKnownAuthor
Execution Started : publisherWithMostUAW
Execution Finished : publisherWithMostUAW
Execution Started : booksByEmptyAuthor
Execution Finished : booksByEmptyAuthor
Execution Started : bookAlreadyAdded
Execution Finished : bookAlreadyAdded
Execution Started : booksByUnknownPublisher
Execution Finished : booksByUnknownPublisher
Execution Started : titlesByKnownAuthor
[INFO ] 2019-12-25 09:16:31.269 [main] TestAuthorsAndBooksProfessor titlesByKnownAuthor - 3
[INFO ] 2019-12-25 09:16:31.271 [main] TestAuthorsAndBooksProfessor titlesByKnownAuthor - [ENDLESS NIGHT, El Misterio De Sittaford, Poirot en Egipto]
Execution Finished : titlesByKnownAuthor
Execution Started : booksByEmptyPublisher
Execution Finished : booksByEmptyPublisher
Execution Started : titlesByEmptyAuthor
Execution Finished : titlesByEmptyAuthor
Execution Started : titlesByUnknownAuthor
Execution Finished : titlesByUnknownAuthor
Execution Started : publisherWithMostUAWhenNoPublisher
Execution Finished : publisherWithMostUAWhenNoPublisher
Execution Started : booksByKnownPublisher
Execution Finished : booksByKnownPublisher
Tests run: 12, Failures: 0, Errors: 0, Skipped: 0, Time elapsed: 0.214 sec - in edu.yu.intro.test.TestAuthorsAndBooksProfessor
Running edu.yu.intro.test.TestBookProfessor
Execution Started : testEmptyTitle
Execution Finished : testEmptyTitle
Execution Started : testEmptyYearPublished
Execution Finished : testEmptyYearPublished
Execution Started : testEmptyISBN
Execution Finished : testEmptyISBN
Execution Started : testEmptyAuthor
Execution Finished : testEmptyAuthor
Execution Started : testNotEquals
Execution Finished : testNotEquals
Execution Started : testVanillaConstructor
[INFO ] 2019-12-25 09:16:31.304 [main] TestBookProfessor testVanillaConstructor - Created book edu.yu.intro.Book@42dc2817
Execution Finished : testVanillaConstructor
Execution Started : equalsAndHashcodeImplementation
Execution Finished : equalsAndHashcodeImplementation
Execution Started : testEmptyPublisher
Execution Finished : testEmptyPublisher
Tests run: 8, Failures: 0, Errors: 0, Skipped: 0, Time elapsed: 0.001 sec - in edu.yu.intro.test.TestBookProfessor
Test cases executed : 39

Results :

Tests run: 39, Failures: 0, Errors: 0, Skipped: 0

